2018-03-03 10:50:07,783 - agent.py - INFO: agent: OK
2018-03-03 10:50:07,847 - light.py - INFO: light:OK
2018-03-03 10:50:07,848 - window.py - INFO: window:OK
2018-03-03 10:50:07,849 - ir.py - INFO: ir:OK
2018-03-03 10:50:07,849 - powerS.py - INFO: powerS:OK
2018-03-03 10:51:04,247 - agent.py - INFO: agent: OK
2018-03-03 10:51:04,250 - light.py - INFO: light:OK
2018-03-03 10:51:04,250 - window.py - INFO: window:OK
2018-03-03 10:51:04,251 - ir.py - INFO: ir:OK
2018-03-03 10:51:04,252 - powerS.py - INFO: powerS:OK
2018-03-03 10:51:04,277 - thermostat.py - INFO: :thermostat
2018-03-03 10:51:04,277 - room.py - INFO: room:OK
2018-03-03 10:51:04,277 - protocols.py - INFO: Protocols:OK
2018-03-03 10:51:04,278 - user.py - INFO: user:OK
2018-03-03 10:51:04,341 - wcom.py - INFO: client:1000 
2018-03-03 10:53:22,314 - agent.py - INFO: agent: OK
2018-03-03 10:53:22,316 - light.py - INFO: light:OK
2018-03-03 10:53:22,316 - window.py - INFO: window:OK
2018-03-03 10:53:22,317 - ir.py - INFO: ir:OK
2018-03-03 10:53:22,317 - powerS.py - INFO: powerS:OK
2018-03-03 10:53:22,321 - thermostat.py - INFO: :thermostat
2018-03-03 10:53:22,321 - room.py - INFO: room:OK
2018-03-03 10:53:22,321 - protocols.py - INFO: Protocols:OK
2018-03-03 10:53:22,322 - user.py - INFO: user:OK
2018-03-03 10:54:07,949 - agent.py - INFO: agent: OK
2018-03-03 10:54:07,952 - light.py - INFO: light:OK
2018-03-03 10:54:07,952 - window.py - INFO: window:OK
2018-03-03 10:54:07,953 - ir.py - INFO: ir:OK
2018-03-03 10:54:07,954 - powerS.py - INFO: powerS:OK
2018-03-03 10:54:07,957 - thermostat.py - INFO: :thermostat
2018-03-03 10:54:07,957 - room.py - INFO: room:OK
2018-03-03 10:54:07,957 - protocols.py - INFO: Protocols:OK
2018-03-03 10:54:07,958 - user.py - INFO: user:OK
2018-03-03 23:10:11,678 - agent.py - INFO: agent: OK
2018-03-03 23:10:11,756 - light.py - INFO: light:OK
2018-03-03 23:10:11,757 - window.py - INFO: window:OK
2018-03-03 23:10:11,757 - ir.py - INFO: ir:OK
2018-03-03 23:10:11,758 - powerS.py - INFO: powerS:OK
2018-03-03 23:10:11,761 - thermostat.py - INFO: :thermostat
2018-03-03 23:10:11,761 - room.py - INFO: room:OK
2018-03-03 23:10:11,762 - protocols.py - INFO: Protocols:OK
2018-03-03 23:10:11,762 - user.py - INFO: user:OK
2018-03-03 23:10:12,915 - newObj.py - INFO: :OK
2018-03-03 23:10:12,945 - power.py - INFO: powerS:OK
2018-03-03 23:11:18,822 - agent.py - INFO: agent: OK
2018-03-03 23:11:18,824 - light.py - INFO: light:OK
2018-03-03 23:11:18,824 - window.py - INFO: window:OK
2018-03-03 23:11:18,825 - ir.py - INFO: ir:OK
2018-03-03 23:11:18,825 - powerS.py - INFO: powerS:OK
2018-03-03 23:11:18,830 - thermostat.py - INFO: :thermostat
2018-03-03 23:11:18,830 - room.py - INFO: room:OK
2018-03-03 23:11:18,831 - protocols.py - INFO: Protocols:OK
2018-03-03 23:11:18,831 - user.py - INFO: user:OK
2018-03-04 09:36:29,566 - agent.py - INFO: agent: OK
2018-03-04 09:36:29,608 - light.py - INFO: light:OK
2018-03-04 09:36:29,610 - window.py - INFO: window:OK
2018-03-04 09:36:29,611 - ir.py - INFO: ir:OK
2018-03-04 09:36:29,612 - powerS.py - INFO: powerS:OK
2018-03-04 09:36:29,991 - user.py - INFO: user:OK
2018-03-04 09:36:29,991 - user.py - INFO: user:OK
2018-03-04 09:36:29,991 - user.py - INFO: user:OK
2018-03-04 09:36:30,866 - thermostat.py - INFO: :thermostat
2018-03-04 09:36:30,866 - thermostat.py - INFO: :thermostat
2018-03-04 09:36:30,866 - thermostat.py - INFO: :thermostat
2018-03-04 09:36:30,867 - room.py - INFO: room:OK
2018-03-04 09:36:30,867 - room.py - INFO: room:OK
2018-03-04 09:36:30,867 - room.py - INFO: room:OK
2018-03-04 09:36:30,868 - protocols.py - INFO: Protocols:OK
2018-03-04 09:36:30,868 - protocols.py - INFO: Protocols:OK
2018-03-04 09:36:30,868 - protocols.py - INFO: Protocols:OK
2018-03-04 09:36:31,026 - newObj.py - INFO: :OK
2018-03-04 09:36:31,026 - newObj.py - INFO: :OK
2018-03-04 09:36:31,026 - newObj.py - INFO: :OK
2018-03-04 09:36:31,068 - power.py - INFO: powerS:OK
2018-03-04 09:36:31,068 - power.py - INFO: powerS:OK
2018-03-04 09:36:31,068 - power.py - INFO: powerS:OK
2018-03-04 09:39:44,836 - agent.py - INFO: agent: OK
2018-03-04 09:39:44,838 - light.py - INFO: light:OK
2018-03-04 09:39:44,839 - window.py - INFO: window:OK
2018-03-04 09:39:44,839 - ir.py - INFO: ir:OK
2018-03-04 09:39:44,840 - powerS.py - INFO: powerS:OK
2018-03-04 09:39:45,014 - user.py - INFO: user:OK
2018-03-04 09:39:45,014 - user.py - INFO: user:OK
2018-03-04 09:39:45,014 - user.py - INFO: user:OK
2018-03-04 09:39:45,656 - newObj.py - INFO: :OK
2018-03-04 09:39:45,656 - newObj.py - INFO: :OK
2018-03-04 09:39:45,656 - newObj.py - INFO: :OK
2018-03-04 09:39:45,684 - power.py - INFO: powerS:OK
2018-03-04 09:39:45,684 - power.py - INFO: powerS:OK
2018-03-04 09:39:45,684 - power.py - INFO: powerS:OK
2018-03-04 09:39:45,787 - thermostat.py - INFO: :thermostat
2018-03-04 09:39:45,787 - thermostat.py - INFO: :thermostat
2018-03-04 09:39:45,787 - thermostat.py - INFO: :thermostat
2018-03-04 09:49:17,474 - agent.py - INFO: agent: OK
2018-03-04 09:49:17,476 - light.py - INFO: light:OK
2018-03-04 09:49:17,477 - window.py - INFO: window:OK
2018-03-04 09:49:17,478 - ir.py - INFO: ir:OK
2018-03-04 09:49:17,478 - powerS.py - INFO: powerS:OK
2018-03-04 09:49:17,651 - user.py - INFO: user:OK
2018-03-04 09:49:17,651 - user.py - INFO: user:OK
2018-03-04 09:49:17,651 - user.py - INFO: user:OK
2018-03-04 09:49:18,318 - newObj.py - INFO: :OK
2018-03-04 09:49:18,318 - newObj.py - INFO: :OK
2018-03-04 09:49:18,318 - newObj.py - INFO: :OK
2018-03-04 09:49:18,350 - power.py - INFO: powerS:OK
2018-03-04 09:49:18,350 - power.py - INFO: powerS:OK
2018-03-04 09:49:18,350 - power.py - INFO: powerS:OK
2018-03-04 09:49:18,449 - thermostat.py - INFO: :thermostat
2018-03-04 09:49:18,449 - thermostat.py - INFO: :thermostat
2018-03-04 09:49:18,449 - thermostat.py - INFO: :thermostat
2018-03-04 09:51:44,333 - agent.py - INFO: agent: OK
2018-03-04 09:51:44,335 - light.py - INFO: light:OK
2018-03-04 09:51:44,335 - window.py - INFO: window:OK
2018-03-04 09:51:44,336 - ir.py - INFO: ir:OK
2018-03-04 09:51:44,336 - powerS.py - INFO: powerS:OK
2018-03-04 09:51:44,504 - user.py - INFO: user:OK
2018-03-04 09:51:44,504 - user.py - INFO: user:OK
2018-03-04 09:51:44,504 - user.py - INFO: user:OK
2018-03-04 09:51:45,235 - newObj.py - INFO: :OK
2018-03-04 09:51:45,235 - newObj.py - INFO: :OK
2018-03-04 09:51:45,235 - newObj.py - INFO: :OK
2018-03-04 09:51:45,329 - thermostat.py - INFO: :thermostat
2018-03-04 09:51:45,329 - thermostat.py - INFO: :thermostat
2018-03-04 09:51:45,329 - thermostat.py - INFO: :thermostat
2018-03-04 09:57:04,706 - agent.py - INFO: agent: OK
2018-03-04 09:57:04,708 - light.py - INFO: light:OK
2018-03-04 09:57:04,709 - window.py - INFO: window:OK
2018-03-04 09:57:04,710 - ir.py - INFO: ir:OK
2018-03-04 09:57:04,710 - powerS.py - INFO: powerS:OK
2018-03-04 09:57:04,858 - user.py - INFO: user:OK
2018-03-04 09:57:04,858 - user.py - INFO: user:OK
2018-03-04 09:57:04,858 - user.py - INFO: user:OK
2018-03-04 09:57:05,479 - newObj.py - INFO: :OK
2018-03-04 09:57:05,479 - newObj.py - INFO: :OK
2018-03-04 09:57:05,479 - newObj.py - INFO: :OK
2018-03-04 09:57:05,575 - thermostat.py - INFO: :thermostat
2018-03-04 09:57:05,575 - thermostat.py - INFO: :thermostat
2018-03-04 09:57:05,575 - thermostat.py - INFO: :thermostat
2018-03-04 10:12:44,506 - agent.py - INFO: agent: OK
2018-03-04 10:12:44,508 - light.py - INFO: light:OK
2018-03-04 10:12:44,509 - window.py - INFO: window:OK
2018-03-04 10:12:44,509 - ir.py - INFO: ir:OK
2018-03-04 10:12:44,510 - powerS.py - INFO: powerS:OK
2018-03-04 10:12:44,660 - user.py - INFO: user:OK
2018-03-04 10:12:44,660 - user.py - INFO: user:OK
2018-03-04 10:12:44,660 - user.py - INFO: user:OK
2018-03-04 10:12:45,292 - newObj.py - INFO: :OK
2018-03-04 10:12:45,292 - newObj.py - INFO: :OK
2018-03-04 10:12:45,292 - newObj.py - INFO: :OK
2018-03-04 10:12:45,388 - thermostat.py - INFO: :thermostat
2018-03-04 10:12:45,388 - thermostat.py - INFO: :thermostat
2018-03-04 10:12:45,388 - thermostat.py - INFO: :thermostat
2018-03-04 10:17:04,306 - agent.py - INFO: agent: OK
2018-03-04 10:17:04,309 - light.py - INFO: light:OK
2018-03-04 10:17:04,309 - window.py - INFO: window:OK
2018-03-04 10:17:04,310 - ir.py - INFO: ir:OK
2018-03-04 10:17:04,311 - powerS.py - INFO: powerS:OK
2018-03-04 10:17:04,482 - user.py - INFO: user:OK
2018-03-04 10:17:04,482 - user.py - INFO: user:OK
2018-03-04 10:17:04,482 - user.py - INFO: user:OK
2018-03-04 10:17:05,250 - newObj.py - INFO: :OK
2018-03-04 10:17:05,250 - newObj.py - INFO: :OK
2018-03-04 10:17:05,250 - newObj.py - INFO: :OK
2018-03-04 10:17:05,362 - thermostat.py - INFO: :thermostat
2018-03-04 10:17:05,362 - thermostat.py - INFO: :thermostat
2018-03-04 10:17:05,362 - thermostat.py - INFO: :thermostat
2018-03-04 10:19:50,875 - agent.py - INFO: agent: OK
2018-03-04 10:19:50,878 - light.py - INFO: light:OK
2018-03-04 10:19:50,878 - window.py - INFO: window:OK
2018-03-04 10:19:50,879 - ir.py - INFO: ir:OK
2018-03-04 10:19:50,879 - powerS.py - INFO: powerS:OK
2018-03-04 10:19:51,053 - user.py - INFO: user:OK
2018-03-04 10:19:51,053 - user.py - INFO: user:OK
2018-03-04 10:19:51,053 - user.py - INFO: user:OK
2018-03-04 10:19:51,794 - newObj.py - INFO: :OK
2018-03-04 10:19:51,794 - newObj.py - INFO: :OK
2018-03-04 10:19:51,794 - newObj.py - INFO: :OK
2018-03-04 10:19:51,892 - thermostat.py - INFO: :thermostat
2018-03-04 10:19:51,892 - thermostat.py - INFO: :thermostat
2018-03-04 10:19:51,892 - thermostat.py - INFO: :thermostat
2018-03-04 10:20:40,052 - agent.py - INFO: agent: OK
2018-03-04 10:20:40,054 - light.py - INFO: light:OK
2018-03-04 10:20:40,055 - window.py - INFO: window:OK
2018-03-04 10:20:40,056 - ir.py - INFO: ir:OK
2018-03-04 10:20:40,056 - powerS.py - INFO: powerS:OK
2018-03-04 10:20:40,235 - user.py - INFO: user:OK
2018-03-04 10:20:40,235 - user.py - INFO: user:OK
2018-03-04 10:20:40,235 - user.py - INFO: user:OK
2018-03-04 10:20:40,987 - newObj.py - INFO: :OK
2018-03-04 10:20:40,987 - newObj.py - INFO: :OK
2018-03-04 10:20:40,987 - newObj.py - INFO: :OK
2018-03-04 10:20:41,092 - thermostat.py - INFO: :thermostat
2018-03-04 10:20:41,092 - thermostat.py - INFO: :thermostat
2018-03-04 10:20:41,092 - thermostat.py - INFO: :thermostat
2018-03-04 10:24:52,136 - agent.py - INFO: agent: OK
2018-03-04 10:24:52,138 - light.py - INFO: light:OK
2018-03-04 10:24:52,139 - window.py - INFO: window:OK
2018-03-04 10:24:52,140 - ir.py - INFO: ir:OK
2018-03-04 10:24:52,140 - powerS.py - INFO: powerS:OK
2018-03-04 10:24:52,142 - irRcv.py - INFO: :OK
2018-03-04 10:24:52,142 - thermostat.py - INFO: :thermostat
2018-03-04 10:24:52,143 - room.py - INFO: room:OK
2018-03-04 10:24:52,143 - protocols.py - INFO: Protocols:OK
2018-03-04 10:24:52,143 - user.py - INFO: user:OK
2018-03-04 10:24:53,155 - newObj.py - INFO: :OK
2018-03-04 10:27:15,398 - agent.py - INFO: agent: OK
2018-03-04 10:27:15,401 - light.py - INFO: light:OK
2018-03-04 10:27:15,401 - window.py - INFO: window:OK
2018-03-04 10:27:15,402 - ir.py - INFO: ir:OK
2018-03-04 10:27:15,402 - powerS.py - INFO: powerS:OK
2018-03-04 10:27:15,404 - irRcv.py - INFO: :OK
2018-03-04 10:27:15,404 - thermostat.py - INFO: :thermostat
2018-03-04 10:27:15,405 - room.py - INFO: room:OK
2018-03-04 10:27:15,405 - protocols.py - INFO: Protocols:OK
2018-03-04 10:27:15,405 - user.py - INFO: user:OK
2018-03-04 10:27:16,513 - newObj.py - INFO: :OK
2018-03-04 10:45:36,929 - agent.py - INFO: agent: OK
2018-03-04 10:45:36,932 - light.py - INFO: light:OK
2018-03-04 10:45:36,932 - window.py - INFO: window:OK
2018-03-04 10:45:36,933 - ir.py - INFO: ir:OK
2018-03-04 10:45:36,933 - powerS.py - INFO: powerS:OK
2018-03-04 10:45:36,935 - irRcv.py - INFO: :OK
2018-03-04 10:45:36,936 - thermostat.py - INFO: :thermostat
2018-03-04 10:45:36,936 - room.py - INFO: room:OK
2018-03-04 10:45:36,936 - protocols.py - INFO: Protocols:OK
2018-03-04 10:45:36,936 - user.py - INFO: user:OK
2018-03-04 11:11:28,272 - agent.py - INFO: agent: OK
2018-03-04 11:11:28,287 - light.py - INFO: light:OK
2018-03-04 11:11:28,289 - window.py - INFO: window:OK
2018-03-04 11:11:28,291 - ir.py - INFO: ir:OK
2018-03-04 11:11:28,292 - powerS.py - INFO: powerS:OK
2018-03-04 11:11:28,296 - irRcv.py - INFO: :OK
2018-03-04 11:11:28,297 - thermostat.py - INFO: :thermostat
2018-03-04 11:11:28,297 - room.py - INFO: room:OK
2018-03-04 11:11:28,297 - protocols.py - INFO: Protocols:OK
2018-03-04 11:11:28,297 - user.py - INFO: user:OK
2018-03-04 11:12:03,589 - agent.py - INFO: agent: OK
2018-03-04 11:12:03,591 - light.py - INFO: light:OK
2018-03-04 11:12:03,592 - window.py - INFO: window:OK
2018-03-04 11:12:03,593 - ir.py - INFO: ir:OK
2018-03-04 11:12:03,593 - powerS.py - INFO: powerS:OK
2018-03-04 11:12:03,596 - irRcv.py - INFO: :OK
2018-03-04 11:12:03,596 - thermostat.py - INFO: :thermostat
2018-03-04 11:12:03,596 - room.py - INFO: room:OK
2018-03-04 11:12:03,597 - protocols.py - INFO: Protocols:OK
2018-03-04 11:12:03,597 - user.py - INFO: user:OK
2018-03-04 11:13:15,624 - agent.py - INFO: agent: OK
2018-03-04 11:13:15,627 - light.py - INFO: light:OK
2018-03-04 11:13:15,627 - window.py - INFO: window:OK
2018-03-04 11:13:15,628 - ir.py - INFO: ir:OK
2018-03-04 11:13:15,628 - powerS.py - INFO: powerS:OK
2018-03-04 11:13:15,630 - irRcv.py - INFO: :OK
2018-03-04 11:13:15,631 - thermostat.py - INFO: :thermostat
2018-03-04 11:13:15,631 - room.py - INFO: room:OK
2018-03-04 11:13:15,631 - protocols.py - INFO: Protocols:OK
2018-03-04 11:13:15,631 - user.py - INFO: user:OK
2018-03-04 11:14:46,846 - agent.py - INFO: agent: OK
2018-03-04 11:14:46,849 - light.py - INFO: light:OK
2018-03-04 11:14:46,849 - window.py - INFO: window:OK
2018-03-04 11:14:46,850 - ir.py - INFO: ir:OK
2018-03-04 11:14:46,850 - powerS.py - INFO: powerS:OK
2018-03-04 11:14:46,852 - irRcv.py - INFO: :OK
2018-03-04 11:14:46,853 - thermostat.py - INFO: :thermostat
2018-03-04 11:14:46,853 - room.py - INFO: room:OK
2018-03-04 11:14:46,853 - protocols.py - INFO: Protocols:OK
2018-03-04 11:14:46,853 - user.py - INFO: user:OK
